#
# There is insufficient memory for the Java Runtime Environment to continue.
# Native memory allocation (mmap) failed to map 44040192 bytes for G1 virtual space
# Possible reasons:
#   The system is out of physical RAM or swap space
#   The process is running with CompressedOops enabled, and the Java Heap may be blocking the growth of the native heap
# Possible solutions:
#   Reduce memory load on the system
#   Increase physical memory or swap space
#   Check if swap backing store is full
#   Decrease Java heap size (-Xmx/-Xms)
#   Decrease number of Java threads
#   Decrease Java thread stack sizes (-Xss)
#   Set larger code cache with -XX:ReservedCodeCacheSize=
#   JVM is running with Zero Based Compressed Oops mode in which the Java heap is
#     placed in the first 32GB address space. The Java Heap base address is the
#     maximum limit for the native heap growth. Please use -XX:HeapBaseMinAddress
#     to set the Java Heap base and to place the Java Heap above 32GB virtual address.
# This output file may be truncated or incomplete.
#
#  Out of Memory Error (os_windows.cpp:3536), pid=1292, tid=21952
#
# JRE version: Java(TM) SE Runtime Environment (19.0.2+7) (build 19.0.2+7-44)
# Java VM: Java HotSpot(TM) 64-Bit Server VM (19.0.2+7-44, mixed mode, emulated-client, sharing, tiered, compressed oops, compressed class ptrs, g1 gc, windows-amd64)
# No core dump will be written. Minidumps are not enabled by default on client versions of Windows
#

---------------  S U M M A R Y ------------

Command Line: -XX:TieredStopAtLevel=1 -Dspring.output.ansi.enabled=always -Dcom.sun.management.jmxremote -Dspring.jmx.enabled=true -Dspring.liveBeansView.mbeanDomain -Dspring.application.admin.enabled=true -Dmanagement.endpoints.jmx.exposure.include=* -javaagent:D:\App_tool\IntelliJ IDEA 2024.1.1\lib\idea_rt.jar=57131:D:\App_tool\IntelliJ IDEA 2024.1.1\bin -Dfile.encoding=UTF-8 -Dsun.stdout.encoding=UTF-8 -Dsun.stderr.encoding=UTF-8 com.example.demo.DatnApplication

Host: 11th Gen Intel(R) Core(TM) i5-11400H @ 2.70GHz, 12 cores, 15G,  Windows 11 , 64 bit Build 26100 (10.0.26100.1882)
Time: Mon Oct 21 17:02:31 2024 SE Asia Standard Time elapsed time: 10.080529 seconds (0d 0h 0m 10s)

---------------  T H R E A D  ---------------

Current thread (0x000001ab75d41610):  VMThread "VM Thread" [stack: 0x0000009c63000000,0x0000009c63100000] [id=21952]

Stack: [0x0000009c63000000,0x0000009c63100000]
Native frames: (J=compiled Java code, j=interpreted, Vv=VM code, C=native code)
V  [jvm.dll+0x6ee21a]
V  [jvm.dll+0x85765e]
V  [jvm.dll+0x85904e]
V  [jvm.dll+0x859703]
V  [jvm.dll+0x28298f]
V  [jvm.dll+0x6eb009]
V  [jvm.dll+0x6dfbaa]
V  [jvm.dll+0x3573f6]
V  [jvm.dll+0x35ee56]
V  [jvm.dll+0x3b541e]
V  [jvm.dll+0x3b564f]
V  [jvm.dll+0x32c9ea]
V  [jvm.dll+0x32ca97]
V  [jvm.dll+0x374cd2]
V  [jvm.dll+0x37340f]
V  [jvm.dll+0x32c210]
V  [jvm.dll+0x3729ab]
V  [jvm.dll+0x85ebc3]
V  [jvm.dll+0x85f989]
V  [jvm.dll+0x85febd]
V  [jvm.dll+0x86034b]
V  [jvm.dll+0x860407]
V  [jvm.dll+0x80125a]
V  [jvm.dll+0x6ecf0b]
C  [ucrtbase.dll+0x14ea0]
C  [KERNEL32.DLL+0x2dbe7]
C  [ntdll.dll+0x85a4c]

VM_Operation (0x0000009c656f8750): G1CollectForAllocation, mode: safepoint, requested by thread 0x000001ab7e6d85a0


---------------  P R O C E S S  ---------------

Threads class SMR info:
_java_thread_list=0x000001ab7e503c80, length=35, elements={
0x000001ab75d5af70, 0x000001ab75d5dc50, 0x000001ab75d64f90, 0x000001ab75d658c0,
0x000001ab75d66390, 0x000001ab75d6a4f0, 0x000001ab75d6e320, 0x000001ab75d814c0,
0x000001ab78984db0, 0x000001ab7898aae0, 0x000001ab7898da90, 0x000001ab7d173ef0,
0x000001ab7d174430, 0x000001ab7d2d53a0, 0x000001ab7e069720, 0x000001ab7e0a9510,
0x000001ab7e44d260, 0x000001ab7e465030, 0x000001ab7e4a8030, 0x000001ab7e4b7cf0,
0x000001ab7e6d7060, 0x000001ab7e6da580, 0x000001ab7e6d85a0, 0x000001ab7e6d9590,
0x000001ab7e6d8af0, 0x000001ab7e6d7b00, 0x000001ab7e6d75b0, 0x000001ab7e6d8050,
0x000001ab7e6d9ae0, 0x000001ab7e6da030, 0x000001ab7fa640a0, 0x000001ab7fa645f0,
0x000001ab7fa655e0, 0x000001ab7fa63600, 0x000001ab7fa630b0
}

Java Threads: ( => current thread )
  0x000001ab75d5af70 JavaThread "Reference Handler" daemon [_thread_blocked, id=21316, stack(0x0000009c63100000,0x0000009c63200000)]
  0x000001ab75d5dc50 JavaThread "Finalizer" daemon [_thread_blocked, id=22176, stack(0x0000009c63200000,0x0000009c63300000)]
  0x000001ab75d64f90 JavaThread "Signal Dispatcher" daemon [_thread_blocked, id=12012, stack(0x0000009c63300000,0x0000009c63400000)]
  0x000001ab75d658c0 JavaThread "Attach Listener" daemon [_thread_blocked, id=22508, stack(0x0000009c63400000,0x0000009c63500000)]
  0x000001ab75d66390 JavaThread "Service Thread" daemon [_thread_blocked, id=13004, stack(0x0000009c63500000,0x0000009c63600000)]
  0x000001ab75d6a4f0 JavaThread "Monitor Deflation Thread" daemon [_thread_blocked, id=19488, stack(0x0000009c63600000,0x0000009c63700000)]
  0x000001ab75d6e320 JavaThread "C1 CompilerThread0" daemon [_thread_blocked, id=20376, stack(0x0000009c63700000,0x0000009c63800000)]
  0x000001ab75d814c0 JavaThread "Sweeper thread" daemon [_thread_blocked, id=14236, stack(0x0000009c63800000,0x0000009c63900000)]
  0x000001ab78984db0 JavaThread "Common-Cleaner" daemon [_thread_blocked, id=21548, stack(0x0000009c63900000,0x0000009c63a00000)]
  0x000001ab7898aae0 JavaThread "C1 CompilerThread1" daemon [_thread_blocked, id=11648, stack(0x0000009c63a00000,0x0000009c63b00000)]
  0x000001ab7898da90 JavaThread "C1 CompilerThread2" daemon [_thread_blocked, id=1684, stack(0x0000009c63b00000,0x0000009c63c00000)]
  0x000001ab7d173ef0 JavaThread "Monitor Ctrl-Break" daemon [_thread_in_native, id=10980, stack(0x0000009c63c00000,0x0000009c63d00000)]
  0x000001ab7d174430 JavaThread "Notification Thread" daemon [_thread_blocked, id=10436, stack(0x0000009c63d00000,0x0000009c63e00000)]
  0x000001ab7d2d53a0 JavaThread "RMI TCP Accept-0" daemon [_thread_in_native, id=22524, stack(0x0000009c63f00000,0x0000009c64000000)]
  0x000001ab7e069720 JavaThread "RMI TCP Connection(1)-172.17.144.1" daemon [_thread_in_native, id=20508, stack(0x0000009c64700000,0x0000009c64800000)]
  0x000001ab7e0a9510 JavaThread "RMI Scheduler(0)" daemon [_thread_blocked, id=20624, stack(0x0000009c64b00000,0x0000009c64c00000)]
  0x000001ab7e44d260 JavaThread "Catalina-utility-1" [_thread_blocked, id=20748, stack(0x0000009c64e00000,0x0000009c64f00000)]
  0x000001ab7e465030 JavaThread "Catalina-utility-2" [_thread_blocked, id=10512, stack(0x0000009c64f00000,0x0000009c65000000)]
  0x000001ab7e4a8030 JavaThread "container-0" [_thread_blocked, id=17500, stack(0x0000009c65000000,0x0000009c65100000)]
  0x000001ab7e4b7cf0 JavaThread "mysql-cj-abandoned-connection-cleanup" daemon [_thread_blocked, id=14428, stack(0x0000009c65100000,0x0000009c65200000)]
  0x000001ab7e6d7060 JavaThread "HikariPool-1 housekeeper" daemon [_thread_blocked, id=16756, stack(0x0000009c65300000,0x0000009c65400000)]
  0x000001ab7e6da580 JavaThread "http-nio-8081-exec-1" daemon [_thread_blocked, id=17180, stack(0x0000009c65500000,0x0000009c65600000)]
  0x000001ab7e6d85a0 JavaThread "http-nio-8081-exec-2" daemon [_thread_blocked, id=15864, stack(0x0000009c65600000,0x0000009c65700000)]
  0x000001ab7e6d9590 JavaThread "http-nio-8081-exec-3" daemon [_thread_blocked, id=21372, stack(0x0000009c65700000,0x0000009c65800000)]
  0x000001ab7e6d8af0 JavaThread "http-nio-8081-exec-4" daemon [_thread_blocked, id=22016, stack(0x0000009c65800000,0x0000009c65900000)]
  0x000001ab7e6d7b00 JavaThread "http-nio-8081-exec-5" daemon [_thread_blocked, id=19424, stack(0x0000009c65900000,0x0000009c65a00000)]
  0x000001ab7e6d75b0 JavaThread "http-nio-8081-exec-6" daemon [_thread_blocked, id=7912, stack(0x0000009c65a00000,0x0000009c65b00000)]
  0x000001ab7e6d8050 JavaThread "http-nio-8081-exec-7" daemon [_thread_blocked, id=6804, stack(0x0000009c65b00000,0x0000009c65c00000)]
  0x000001ab7e6d9ae0 JavaThread "http-nio-8081-exec-8" daemon [_thread_blocked, id=21736, stack(0x0000009c65c00000,0x0000009c65d00000)]
  0x000001ab7e6da030 JavaThread "http-nio-8081-exec-9" daemon [_thread_blocked, id=21608, stack(0x0000009c65d00000,0x0000009c65e00000)]
  0x000001ab7fa640a0 JavaThread "http-nio-8081-exec-10" daemon [_thread_blocked, id=22348, stack(0x0000009c65e00000,0x0000009c65f00000)]
  0x000001ab7fa645f0 JavaThread "http-nio-8081-Poller" daemon [_thread_blocked, id=21572, stack(0x0000009c65f00000,0x0000009c66000000)]
  0x000001ab7fa655e0 JavaThread "http-nio-8081-Acceptor" daemon [_thread_in_native, id=21856, stack(0x0000009c66000000,0x0000009c66100000)]
  0x000001ab7fa63600 JavaThread "DestroyJavaVM" [_thread_blocked, id=11248, stack(0x0000009c62a00000,0x0000009c62b00000)]
  0x000001ab7fa630b0 JavaThread "RMI TCP Connection(2)-172.17.144.1" daemon [_thread_in_native, id=22360, stack(0x0000009c66100000,0x0000009c66200000)]

Other Threads:
=>0x000001ab75d41610 VMThread "VM Thread" [stack: 0x0000009c63000000,0x0000009c63100000] [id=21952]
  0x000001ab7d438b10 WatcherThread "VM Periodic Task Thread" [stack: 0x0000009c64000000,0x0000009c64100000] [id=19540]
  0x000001ab61371670 WorkerThread "GC Thread#0" [stack: 0x0000009c62b00000,0x0000009c62c00000] [id=21776]
  0x000001ab7d5390e0 WorkerThread "GC Thread#1" [stack: 0x0000009c64100000,0x0000009c64200000] [id=9640]
  0x000001ab7d5393b0 WorkerThread "GC Thread#2" [stack: 0x0000009c64200000,0x0000009c64300000] [id=14064]
  0x000001ab7d64e440 WorkerThread "GC Thread#3" [stack: 0x0000009c64300000,0x0000009c64400000] [id=2304]
  0x000001ab7d64dea0 WorkerThread "GC Thread#4" [stack: 0x0000009c64400000,0x0000009c64500000] [id=16068]
  0x000001ab7d64e170 WorkerThread "GC Thread#5" [stack: 0x0000009c64500000,0x0000009c64600000] [id=20220]
  0x000001ab7d64caf0 WorkerThread "GC Thread#6" [stack: 0x0000009c64600000,0x0000009c64700000] [id=12748]
  0x000001ab7d64dbd0 WorkerThread "GC Thread#7" [stack: 0x0000009c64800000,0x0000009c64900000] [id=21440]
  0x000001ab7d64d360 WorkerThread "GC Thread#8" [stack: 0x0000009c64900000,0x0000009c64a00000] [id=13716]
  0x000001ab7d64d630 WorkerThread "GC Thread#9" [stack: 0x0000009c64a00000,0x0000009c64b00000] [id=22512]
  0x000001ab6137e690 ConcurrentGCThread "G1 Main Marker" [stack: 0x0000009c62c00000,0x0000009c62d00000] [id=6220]
  0x000001ab75bd6340 WorkerThread "G1 Conc#0" [stack: 0x0000009c62d00000,0x0000009c62e00000] [id=22144]
  0x000001ab7e1108a0 WorkerThread "G1 Conc#1" [stack: 0x0000009c64c00000,0x0000009c64d00000] [id=9840]
  0x000001ab7e1105d0 WorkerThread "G1 Conc#2" [stack: 0x0000009c64d00000,0x0000009c64e00000] [id=1320]
  0x000001ab75c78650 ConcurrentGCThread "G1 Refine#0" [stack: 0x0000009c62e00000,0x0000009c62f00000] [id=21908]
  0x000001ab75c78f40 ConcurrentGCThread "G1 Service" [stack: 0x0000009c62f00000,0x0000009c63000000] [id=3676]

Threads with active compile tasks:

VM state: at safepoint (normal execution)

VM Mutex/Monitor currently owned by a thread:  ([mutex/lock_event])
[0x000001ab612fd550] Threads_lock - owner thread: 0x000001ab75d41610
[0x000001ab612fc620] Heap_lock - owner thread: 0x000001ab7e6d85a0

Heap address: 0x0000000703600000, size: 4042 MB, Compressed Oops mode: Zero based, Oop shift amount: 3

CDS archive(s) mapped at: [0x0000000800000000-0x0000000800c40000-0x0000000800c40000), size 12845056, SharedBaseAddress: 0x0000000800000000, ArchiveRelocationMode: 0.
Compressed class space mapped at: 0x0000000801000000-0x0000000841000000, reserved size: 1073741824
Narrow klass base: 0x0000000800000000, Narrow klass shift: 0, Narrow klass range: 0x100000000

GC Precious Log:
 CardTable entry size: 512
 Card Set container configuration: InlinePtr #cards 4 size 8 Array Of Cards #cards 16 size 48 Howl #buckets 8 coarsen threshold 3686 Howl Bitmap #cards 512 size 80 coarsen threshold 460 Card regions per heap region 1 cards per card region 4096
 CPUs: 12 total, 12 available
 Memory: 16163M
 Large Page Support: Disabled
 NUMA Support: Disabled
 Compressed Oops: Enabled (Zero based)
 Heap Region Size: 2M
 Heap Min Capacity: 8M
 Heap Initial Capacity: 254M
 Heap Max Capacity: 4042M
 Pre-touch: Disabled
 Parallel Workers: 10
 Concurrent Workers: 3
 Concurrent Refinement Workers: 10
 Periodic GC: Disabled

Heap:
 garbage-first heap   total 81920K, used 38288K [0x0000000703600000, 0x0000000800000000)
  region size 2048K, 2 young (4096K), 2 survivors (4096K)
 Metaspace       used 75457K, committed 76224K, reserved 1179648K
  class space    used 10661K, committed 11008K, reserved 1048576K

Heap Regions: E=young(eden), S=young(survivor), O=old, HS=humongous(starts), HC=humongous(continues), CS=collection set, F=free, OA=open archive, CA=closed archive, TAMS=top-at-mark-start (previous, next)
|   0|0x0000000703600000, 0x0000000703800000, 0x0000000703800000|100%| O|  |TAMS 0x0000000703800000, 0x0000000703600000| Untracked 
|   1|0x0000000703800000, 0x0000000703a00000, 0x0000000703a00000|100%| O|  |TAMS 0x0000000703a00000, 0x0000000703800000| Untracked 
|   2|0x0000000703a00000, 0x0000000703c00000, 0x0000000703c00000|100%| O|  |TAMS 0x0000000703c00000, 0x0000000703a00000| Untracked 
|   3|0x0000000703c00000, 0x0000000703e00000, 0x0000000703e00000|100%| O|  |TAMS 0x0000000703e00000, 0x0000000703c00000| Untracked 
|   4|0x0000000703e00000, 0x0000000704000000, 0x0000000704000000|100%| O|  |TAMS 0x0000000704000000, 0x0000000703e00000| Untracked 
|   5|0x0000000704000000, 0x0000000704200000, 0x0000000704200000|100%| O|  |TAMS 0x0000000704200000, 0x0000000704000000| Untracked 
|   6|0x0000000704200000, 0x0000000704400000, 0x0000000704400000|100%| O|  |TAMS 0x0000000704400000, 0x0000000704200000| Untracked 
|   7|0x0000000704400000, 0x0000000704600000, 0x0000000704600000|100%| O|  |TAMS 0x0000000704600000, 0x0000000704400000| Untracked 
|   8|0x0000000704600000, 0x0000000704800000, 0x0000000704800000|100%| O|  |TAMS 0x0000000704800000, 0x0000000704600000| Untracked 
|   9|0x0000000704800000, 0x0000000704a00000, 0x0000000704a00000|100%| O|  |TAMS 0x0000000704a00000, 0x0000000704800000| Untracked 
|  10|0x0000000704a00000, 0x0000000704c00000, 0x0000000704c00000|100%| O|  |TAMS 0x0000000704a00000, 0x0000000704a00000| Untracked 
|  11|0x0000000704c00000, 0x0000000704e00000, 0x0000000704e00000|100%| O|  |TAMS 0x0000000704e00000, 0x0000000704c00000| Untracked 
|  12|0x0000000704e00000, 0x0000000705000000, 0x0000000705000000|100%| O|  |TAMS 0x0000000704ee0e00, 0x0000000704e00000| Untracked 
|  13|0x0000000705000000, 0x0000000705200000, 0x0000000705200000|100%| O|  |TAMS 0x0000000705000000, 0x0000000705000000| Untracked 
|  14|0x0000000705200000, 0x0000000705400000, 0x0000000705400000|100%| O|  |TAMS 0x0000000705200000, 0x0000000705200000| Untracked 
|  15|0x0000000705400000, 0x0000000705600000, 0x0000000705600000|100%| O|  |TAMS 0x0000000705400000, 0x0000000705400000| Untracked 
|  16|0x0000000705600000, 0x0000000705800000, 0x0000000705800000|100%| O|  |TAMS 0x0000000705600000, 0x0000000705600000| Untracked 
|  17|0x0000000705800000, 0x0000000705916800, 0x0000000705a00000| 54%| O|  |TAMS 0x0000000705800000, 0x0000000705800000| Untracked 
|  18|0x0000000705a00000, 0x0000000705a00000, 0x0000000705c00000|  0%| F|  |TAMS 0x0000000705a00000, 0x0000000705a00000| Untracked 
|  19|0x0000000705c00000, 0x0000000705c00000, 0x0000000705e00000|  0%| F|  |TAMS 0x0000000705c00000, 0x0000000705c00000| Untracked 
|  20|0x0000000705e00000, 0x0000000705e00000, 0x0000000706000000|  0%| F|  |TAMS 0x0000000705e00000, 0x0000000705e00000| Untracked 
|  21|0x0000000706000000, 0x0000000706000000, 0x0000000706200000|  0%| F|  |TAMS 0x0000000706000000, 0x0000000706000000| Untracked 
|  22|0x0000000706200000, 0x0000000706200000, 0x0000000706400000|  0%| F|  |TAMS 0x0000000706200000, 0x0000000706200000| Untracked 
|  23|0x0000000706400000, 0x0000000706400000, 0x0000000706600000|  0%| F|  |TAMS 0x0000000706400000, 0x0000000706400000| Untracked 
|  24|0x0000000706600000, 0x000000070664dbe0, 0x0000000706800000| 15%| S|CS|TAMS 0x0000000706600000, 0x0000000706600000| Complete 
|  25|0x0000000706800000, 0x0000000706800000, 0x0000000706a00000|  0%| F|  |TAMS 0x0000000706800000, 0x0000000706800000| Untracked 
|  26|0x0000000706a00000, 0x0000000706c00000, 0x0000000706c00000|100%| S|CS|TAMS 0x0000000706a00000, 0x0000000706a00000| Complete 
|  27|0x0000000706c00000, 0x0000000706c00000, 0x0000000706e00000|  0%| F|  |TAMS 0x0000000706c00000, 0x0000000706c00000| Untracked 
|  28|0x0000000706e00000, 0x0000000706e00000, 0x0000000707000000|  0%| F|  |TAMS 0x0000000706e00000, 0x0000000706e00000| Untracked 
|  29|0x0000000707000000, 0x0000000707000000, 0x0000000707200000|  0%| F|  |TAMS 0x0000000707000000, 0x0000000707000000| Untracked 
|  30|0x0000000707200000, 0x0000000707200000, 0x0000000707400000|  0%| F|  |TAMS 0x0000000707200000, 0x0000000707200000| Untracked 
|  31|0x0000000707400000, 0x0000000707400000, 0x0000000707600000|  0%| F|  |TAMS 0x0000000707400000, 0x0000000707400000| Untracked 
|  32|0x0000000707600000, 0x0000000707600000, 0x0000000707800000|  0%| F|  |TAMS 0x0000000707600000, 0x0000000707600000| Untracked 
|  33|0x0000000707800000, 0x0000000707800000, 0x0000000707a00000|  0%| F|  |TAMS 0x0000000707800000, 0x0000000707800000| Untracked 
|  34|0x0000000707a00000, 0x0000000707a00000, 0x0000000707c00000|  0%| F|  |TAMS 0x0000000707a00000, 0x0000000707a00000| Untracked 
|  35|0x0000000707c00000, 0x0000000707c00000, 0x0000000707e00000|  0%| F|  |TAMS 0x0000000707c00000, 0x0000000707c00000| Untracked 
|  59|0x000000070ac00000, 0x000000070ac00000, 0x000000070ae00000|  0%| F|  |TAMS 0x000000070ac00000, 0x000000070ac00000| Untracked 
|  60|0x000000070ae00000, 0x000000070ae00000, 0x000000070b000000|  0%| F|  |TAMS 0x000000070ae00000, 0x000000070ae00000| Untracked 
|  61|0x000000070b000000, 0x000000070b000000, 0x000000070b200000|  0%| F|  |TAMS 0x000000070b000000, 0x000000070b000000| Untracked 
| 126|0x0000000713200000, 0x0000000713200000, 0x0000000713400000|  0%| F|  |TAMS 0x0000000713200000, 0x0000000713200000| Untracked 

Card table byte_map: [0x000001ab6cd50000,0x000001ab6d540000] _byte_map_base: 0x000001ab69535000

Marking Bits (Prev, Next): (CMBitMap*) 0x000001ab61371bf0, (CMBitMap*) 0x000001ab61371bb0
 Prev Bits: [0x000001ab71c60000, 0x000001ab75b88000)
 Next Bits: [0x000001ab6dd30000, 0x000001ab71c58000)

Polling page: 0x000001ab609a0000

Metaspace:

Usage:
  Non-class:     63.28 MB used.
      Class:     10.41 MB used.
       Both:     73.69 MB used.

Virtual space:
  Non-class space:      128.00 MB reserved,      63.69 MB ( 50%) committed,  2 nodes.
      Class space:        1.00 GB reserved,      10.75 MB (  1%) committed,  1 nodes.
             Both:        1.12 GB reserved,      74.44 MB (  6%) committed. 

Chunk freelists:
   Non-Class:  3.89 MB
       Class:  1.14 MB
        Both:  5.03 MB

MaxMetaspaceSize: unlimited
CompressedClassSpaceSize: 1.00 GB
Initial GC threshold: 21.00 MB
Current GC threshold: 98.75 MB
CDS: on
MetaspaceReclaimPolicy: balanced
 - commit_granule_bytes: 65536.
 - commit_granule_words: 8192.
 - virtual_space_node_default_size: 8388608.
 - enlarge_chunks_in_place: 1.
 - new_chunks_are_fully_committed: 0.
 - uncommit_free_chunks: 1.
 - use_allocation_guard: 0.


Internal statistics:

num_allocs_failed_limit: 9.
num_arena_births: 1106.
num_arena_deaths: 0.
num_vsnodes_births: 3.
num_vsnodes_deaths: 0.
num_space_committed: 1191.
num_space_uncommitted: 0.
num_chunks_returned_to_freelist: 9.
num_chunks_taken_from_freelist: 3606.
num_chunk_merges: 6.
num_chunk_splits: 2717.
num_chunks_enlarged: 2237.
num_inconsistent_stats: 0.

CodeCache: size=49152Kb used=14598Kb max_used=15044Kb free=34553Kb
 bounds [0x000001ab69220000, 0x000001ab6a0e0000, 0x000001ab6c220000]
 total_blobs=8521 nmethods=7788 adapters=655
 compilation: enabled
              stopped_count=0, restarted_count=0
 full_count=0

Compilation events (20 events):
Event: 8.642 Thread 0x000001ab7898aae0 nmethod 7777 0x000001ab695dc910 code [0x000001ab695dcac0, 0x000001ab695dcc28]
Event: 8.642 Thread 0x000001ab7898aae0 7781       1       java.lang.invoke.MethodHandleImpl$AsVarargsCollector::<init> (11 bytes)
Event: 8.642 Thread 0x000001ab75d6e320 7780       1       java.lang.invoke.MethodHandleImpl::makeVarargsCollector (47 bytes)
Event: 8.642 Thread 0x000001ab7898da90 nmethod 7779 0x000001ab695dc390 code [0x000001ab695dc560, 0x000001ab695dc798]
Event: 8.642 Thread 0x000001ab7898da90 7782       1       java.lang.invoke.MethodHandleImpl$AsVarargsCollector::<init> (17 bytes)
Event: 8.642 Thread 0x000001ab7898aae0 nmethod 7781 0x000001ab695dbe10 code [0x000001ab695dbfc0, 0x000001ab695dc258]
Event: 8.642 Thread 0x000001ab7898da90 nmethod 7782 0x000001ab695db890 code [0x000001ab695dba40, 0x000001ab695dbcd8]
Event: 8.642 Thread 0x000001ab75d6e320 nmethod 7780 0x000001ab695daf90 code [0x000001ab695db1a0, 0x000001ab695db5e8]
Event: 8.645 Thread 0x000001ab75d6e320 7783       1       com.mysql.cj.util.StringInspector::getPosition (5 bytes)
Event: 8.645 Thread 0x000001ab7898aae0 7784       1       com.mysql.cj.util.StringInspector::getChar (25 bytes)
Event: 8.645 Thread 0x000001ab75d6e320 nmethod 7783 0x000001ab695da990 code [0x000001ab695dab20, 0x000001ab695dabd8]
Event: 8.645 Thread 0x000001ab75d6e320 7785       1       com.mysql.cj.util.StringInspector::indexOfNextChar (1426 bytes)
Event: 8.645 Thread 0x000001ab7898da90 7786       1       com.mysql.cj.util.StringInspector::incrementPosition (77 bytes)
Event: 8.645 Thread 0x000001ab7898aae0 nmethod 7784 0x000001ab695da410 code [0x000001ab695da5c0, 0x000001ab695da7d8]
Event: 8.645 Thread 0x000001ab7898aae0 7787       1       com.mysql.cj.util.StringInspector::indexOfNextChar (9 bytes)
Event: 8.645 Thread 0x000001ab7898aae0 nmethod 7787 0x000001ab695da110 code [0x000001ab695da2a0, 0x000001ab695da388]
Event: 8.645 Thread 0x000001ab7898aae0 7788       1       com.mysql.cj.util.StringInspector::incrementPosition (9 bytes)
Event: 8.645 Thread 0x000001ab7898aae0 nmethod 7788 0x000001ab695d9e10 code [0x000001ab695d9fa0, 0x000001ab695da088]
Event: 8.645 Thread 0x000001ab7898da90 nmethod 7786 0x000001ab695d9790 code [0x000001ab695d9940, 0x000001ab695d9c08]
Event: 8.648 Thread 0x000001ab75d6e320 nmethod 7785 0x000001ab695d5190 code [0x000001ab695d55e0, 0x000001ab695d7c48]

GC Heap History (20 events):
Event: 1.835 GC heap after
{Heap after GC invocations=7 (full 0):
 garbage-first heap   total 161792K, used 19017K [0x0000000703600000, 0x0000000800000000)
  region size 2048K, 2 young (4096K), 2 survivors (4096K)
 Metaspace       used 29300K, committed 29824K, reserved 1114112K
  class space    used 3920K, committed 4160K, reserved 1048576K
}
Event: 2.200 GC heap before
{Heap before GC invocations=7 (full 0):
 garbage-first heap   total 161792K, used 51785K [0x0000000703600000, 0x0000000800000000)
  region size 2048K, 19 young (38912K), 2 survivors (4096K)
 Metaspace       used 35548K, committed 36096K, reserved 1114112K
  class space    used 4823K, committed 5056K, reserved 1048576K
}
Event: 2.203 GC heap after
{Heap after GC invocations=8 (full 0):
 garbage-first heap   total 161792K, used 20701K [0x0000000703600000, 0x0000000800000000)
  region size 2048K, 3 young (6144K), 3 survivors (6144K)
 Metaspace       used 35548K, committed 36096K, reserved 1114112K
  class space    used 4823K, committed 5056K, reserved 1048576K
}
Event: 2.783 GC heap before
{Heap before GC invocations=9 (full 0):
 garbage-first heap   total 81920K, used 63709K [0x0000000703600000, 0x0000000800000000)
  region size 2048K, 24 young (49152K), 3 survivors (6144K)
 Metaspace       used 48785K, committed 49472K, reserved 1114112K
  class space    used 6559K, committed 6912K, reserved 1048576K
}
Event: 2.788 GC heap after
{Heap after GC invocations=10 (full 0):
 garbage-first heap   total 81920K, used 24730K [0x0000000703600000, 0x0000000800000000)
  region size 2048K, 3 young (6144K), 3 survivors (6144K)
 Metaspace       used 48785K, committed 49472K, reserved 1114112K
  class space    used 6559K, committed 6912K, reserved 1048576K
}
Event: 2.810 GC heap before
{Heap before GC invocations=10 (full 0):
 garbage-first heap   total 81920K, used 26778K [0x0000000703600000, 0x0000000800000000)
  region size 2048K, 4 young (8192K), 3 survivors (6144K)
 Metaspace       used 49173K, committed 49792K, reserved 1114112K
  class space    used 6615K, committed 6912K, reserved 1048576K
}
Event: 2.814 GC heap after
{Heap after GC invocations=11 (full 0):
 garbage-first heap   total 81920K, used 24403K [0x0000000703600000, 0x0000000800000000)
  region size 2048K, 1 young (2048K), 1 survivors (2048K)
 Metaspace       used 49173K, committed 49792K, reserved 1114112K
  class space    used 6615K, committed 6912K, reserved 1048576K
}
Event: 3.271 GC heap before
{Heap before GC invocations=11 (full 0):
 garbage-first heap   total 81920K, used 57171K [0x0000000703600000, 0x0000000800000000)
  region size 2048K, 18 young (36864K), 1 survivors (2048K)
 Metaspace       used 55781K, committed 56448K, reserved 1114112K
  class space    used 7671K, committed 8000K, reserved 1048576K
}
Event: 3.272 GC heap after
{Heap after GC invocations=12 (full 0):
 garbage-first heap   total 81920K, used 24932K [0x0000000703600000, 0x0000000800000000)
  region size 2048K, 1 young (2048K), 1 survivors (2048K)
 Metaspace       used 55781K, committed 56448K, reserved 1114112K
  class space    used 7671K, committed 8000K, reserved 1048576K
}
Event: 3.517 GC heap before
{Heap before GC invocations=12 (full 0):
 garbage-first heap   total 81920K, used 45412K [0x0000000703600000, 0x0000000800000000)
  region size 2048K, 12 young (24576K), 1 survivors (2048K)
 Metaspace       used 59759K, committed 60480K, reserved 1114112K
  class space    used 8222K, committed 8576K, reserved 1048576K
}
Event: 3.520 GC heap after
{Heap after GC invocations=13 (full 0):
 garbage-first heap   total 81920K, used 26659K [0x0000000703600000, 0x0000000800000000)
  region size 2048K, 2 young (4096K), 2 survivors (4096K)
 Metaspace       used 59759K, committed 60480K, reserved 1114112K
  class space    used 8222K, committed 8576K, reserved 1048576K
}
Event: 4.030 GC heap before
{Heap before GC invocations=14 (full 0):
 garbage-first heap   total 81920K, used 61475K [0x0000000703600000, 0x0000000800000000)
  region size 2048K, 19 young (38912K), 2 survivors (4096K)
 Metaspace       used 63253K, committed 63936K, reserved 1114112K
  class space    used 8733K, committed 9024K, reserved 1048576K
}
Event: 4.033 GC heap after
{Heap after GC invocations=15 (full 0):
 garbage-first heap   total 81920K, used 29509K [0x0000000703600000, 0x0000000800000000)
  region size 2048K, 3 young (6144K), 3 survivors (6144K)
 Metaspace       used 63253K, committed 63936K, reserved 1114112K
  class space    used 8733K, committed 9024K, reserved 1048576K
}
Event: 4.295 GC heap before
{Heap before GC invocations=15 (full 0):
 garbage-first heap   total 81920K, used 60229K [0x0000000703600000, 0x0000000800000000)
  region size 2048K, 19 young (38912K), 3 survivors (6144K)
 Metaspace       used 67407K, committed 68096K, reserved 1114112K
  class space    used 9532K, committed 9856K, reserved 1048576K
}
Event: 4.300 GC heap after
{Heap after GC invocations=16 (full 0):
 garbage-first heap   total 81920K, used 32227K [0x0000000703600000, 0x0000000800000000)
  region size 2048K, 3 young (6144K), 3 survivors (6144K)
 Metaspace       used 67407K, committed 68096K, reserved 1114112K
  class space    used 9532K, committed 9856K, reserved 1048576K
}
Event: 4.599 GC heap before
{Heap before GC invocations=16 (full 0):
 garbage-first heap   total 81920K, used 62947K [0x0000000703600000, 0x0000000800000000)
  region size 2048K, 18 young (36864K), 3 survivors (6144K)
 Metaspace       used 69145K, committed 69824K, reserved 1114112K
  class space    used 9769K, committed 10112K, reserved 1048576K
}
Event: 4.602 GC heap after
{Heap after GC invocations=17 (full 0):
 garbage-first heap   total 81920K, used 34098K [0x0000000703600000, 0x0000000800000000)
  region size 2048K, 3 young (6144K), 3 survivors (6144K)
 Metaspace       used 69145K, committed 69824K, reserved 1114112K
  class space    used 9769K, committed 10112K, reserved 1048576K
}
Event: 4.900 GC heap before
{Heap before GC invocations=17 (full 0):
 garbage-first heap   total 81920K, used 62770K [0x0000000703600000, 0x0000000800000000)
  region size 2048K, 17 young (34816K), 3 survivors (6144K)
 Metaspace       used 71272K, committed 72000K, reserved 1114112K
  class space    used 10094K, committed 10432K, reserved 1048576K
}
Event: 4.904 GC heap after
{Heap after GC invocations=18 (full 0):
 garbage-first heap   total 81920K, used 36477K [0x0000000703600000, 0x0000000800000000)
  region size 2048K, 3 young (6144K), 3 survivors (6144K)
 Metaspace       used 71272K, committed 72000K, reserved 1114112K
  class space    used 10094K, committed 10432K, reserved 1048576K
}
Event: 8.650 GC heap before
{Heap before GC invocations=18 (full 0):
 garbage-first heap   total 81920K, used 61053K [0x0000000703600000, 0x0000000800000000)
  region size 2048K, 16 young (32768K), 3 survivors (6144K)
 Metaspace       used 75457K, committed 76224K, reserved 1179648K
  class space    used 10661K, committed 11008K, reserved 1048576K
}

Dll operation events (14 events):
Event: 0.011 Loaded shared library D:\Java\bin\java.dll
Event: 0.019 Loaded shared library D:\Java\bin\jsvml.dll
Event: 0.099 Loaded shared library D:\Java\bin\zip.dll
Event: 0.100 Loaded shared library D:\Java\bin\instrument.dll
Event: 0.104 Loaded shared library D:\Java\bin\net.dll
Event: 0.106 Loaded shared library D:\Java\bin\nio.dll
Event: 0.107 Loaded shared library D:\Java\bin\zip.dll
Event: 0.145 Loaded shared library D:\App_tool\IntelliJ IDEA 2024.1.1\bin\breakgen64.dll
Event: 0.148 Loaded shared library D:\Java\bin\jimage.dll
Event: 0.151 Loaded shared library D:\Java\bin\extnet.dll
Event: 0.163 Loaded shared library D:\Java\bin\management.dll
Event: 0.169 Loaded shared library D:\Java\bin\management_ext.dll
Event: 0.906 Loaded shared library D:\Java\bin\sunmscapi.dll
Event: 2.158 Loaded shared library D:\Java\bin\verify.dll

Deoptimization events (16 events):
Event: 0.230 Thread 0x000001ab612ff440 DEOPT PACKING pc=0x000001ab6955b9d5 sp=0x0000009c62afce40
Event: 0.230 Thread 0x000001ab612ff440 DEOPT UNPACKING pc=0x000001ab6928b0e3 sp=0x0000009c62afc2f0 mode 3
Event: 0.237 Thread 0x000001ab612ff440 DEOPT PACKING pc=0x000001ab696005d0 sp=0x0000009c62afce10
Event: 0.237 Thread 0x000001ab612ff440 DEOPT UNPACKING pc=0x000001ab6928b0e3 sp=0x0000009c62afc2c8 mode 3
Event: 0.752 Thread 0x000001ab612ff440 DEOPT PACKING pc=0x000001ab697ff319 sp=0x0000009c62afd0e0
Event: 0.752 Thread 0x000001ab612ff440 DEOPT UNPACKING pc=0x000001ab6928b0e3 sp=0x0000009c62afc5c0 mode 3
Event: 1.547 Thread 0x000001ab612ff440 DEOPT PACKING pc=0x000001ab699f788c sp=0x0000009c62afceb0
Event: 1.547 Thread 0x000001ab612ff440 DEOPT UNPACKING pc=0x000001ab6928b0e3 sp=0x0000009c62afc368 mode 0
Event: 1.626 Thread 0x000001ab612ff440 DEOPT PACKING pc=0x000001ab6990cca5 sp=0x0000009c62afc6d0
Event: 1.626 Thread 0x000001ab612ff440 DEOPT UNPACKING pc=0x000001ab6928b0e3 sp=0x0000009c62afbc38 mode 3
Event: 3.533 Thread 0x000001ab612ff440 DEOPT PACKING pc=0x000001ab69833cf2 sp=0x0000009c62afb370
Event: 3.533 Thread 0x000001ab612ff440 DEOPT UNPACKING pc=0x000001ab6928b0e3 sp=0x0000009c62afa878 mode 3
Event: 3.613 Thread 0x000001ab612ff440 DEOPT PACKING pc=0x000001ab69854b54 sp=0x0000009c62afb7f0
Event: 3.613 Thread 0x000001ab612ff440 DEOPT UNPACKING pc=0x000001ab6928b0e3 sp=0x0000009c62afad48 mode 0
Event: 4.351 Thread 0x000001ab612ff440 DEOPT PACKING pc=0x000001ab69fdd199 sp=0x0000009c62afca90
Event: 4.351 Thread 0x000001ab612ff440 DEOPT UNPACKING pc=0x000001ab6928b0e3 sp=0x0000009c62afbf70 mode 3

Classes loaded (20 events):
Event: 8.492 Loading class java/nio/channels/spi/AbstractSelectionKey done
Event: 8.492 Loading class sun/nio/ch/SelectionKeyImpl done
Event: 8.492 Loading class java/lang/invoke/ConstantBootstraps
Event: 8.492 Loading class java/lang/invoke/ConstantBootstraps done
Event: 8.511 Loading class sun/nio/cs/ThreadLocalCoders
Event: 8.511 Loading class sun/nio/cs/ThreadLocalCoders done
Event: 8.511 Loading class sun/nio/cs/ThreadLocalCoders$1
Event: 8.511 Loading class sun/nio/cs/ThreadLocalCoders$Cache
Event: 8.511 Loading class sun/nio/cs/ThreadLocalCoders$Cache done
Event: 8.511 Loading class sun/nio/cs/ThreadLocalCoders$1 done
Event: 8.511 Loading class sun/nio/cs/ThreadLocalCoders$2
Event: 8.511 Loading class sun/nio/cs/ThreadLocalCoders$2 done
Event: 8.559 Loading class java/util/concurrent/atomic/AtomicIntegerArray
Event: 8.559 Loading class java/util/concurrent/atomic/AtomicIntegerArray done
Event: 8.573 Loading class com/sun/crypto/provider/HmacCore$HmacSHA512
Event: 8.573 Loading class com/sun/crypto/provider/HmacCore$HmacSHA512 done
Event: 8.575 Loading class java/time/Instant$1
Event: 8.575 Loading class java/time/Instant$1 done
Event: 8.606 Loading class sun/reflect/generics/tree/IntSignature
Event: 8.606 Loading class sun/reflect/generics/tree/IntSignature done

Classes unloaded (0 events):
No events

Classes redefined (0 events):
No events

Internal exceptions (20 events):
Event: 3.511 Thread 0x000001ab612ff440 Exception <a 'java/lang/IncompatibleClassChangeError'{0x0000000707030358}: Found class java.lang.Object, but interface was expected> (0x0000000707030358) 
thrown [s\open\src\hotspot\share\interpreter\linkResolver.cpp, line 841]
Event: 3.516 Thread 0x000001ab612ff440 Exception <a 'java/lang/IncompatibleClassChangeError'{0x00000007070af390}: Found class java.lang.Object, but interface was expected> (0x00000007070af390) 
thrown [s\open\src\hotspot\share\interpreter\linkResolver.cpp, line 841]
Event: 3.541 Thread 0x000001ab612ff440 Exception <a 'java/lang/IncompatibleClassChangeError'{0x00000007133acb88}: Found class java.lang.Object, but interface was expected> (0x00000007133acb88) 
thrown [s\open\src\hotspot\share\interpreter\linkResolver.cpp, line 841]
Event: 3.656 Thread 0x000001ab612ff440 Exception <a 'java/lang/IncompatibleClassChangeError'{0x0000000707cd4258}: Found class java.lang.Object, but interface was expected> (0x0000000707cd4258) 
thrown [s\open\src\hotspot\share\interpreter\linkResolver.cpp, line 841]
Event: 3.698 Thread 0x000001ab612ff440 Exception <a 'java/lang/IncompatibleClassChangeError'{0x0000000707bbdd08}: Found class java.lang.Object, but interface was expected> (0x0000000707bbdd08) 
thrown [s\open\src\hotspot\share\interpreter\linkResolver.cpp, line 841]
Event: 3.727 Thread 0x000001ab612ff440 Exception <a 'java/lang/NoSuchMethodError'{0x000000070795a838}: 'java.lang.Object java.lang.invoke.DirectMethodHandle$Holder.invokeStatic(java.lang.Object, int, java.lang.Object)'> (0x000000070795a838) 
thrown [s\open\src\hotspot\share\interpreter\linkResolver.cpp, line 774]
Event: 4.284 Thread 0x000001ab612ff440 Exception <a 'java/lang/NoSuchMethodError'{0x00000007069c58d0}: 'java.lang.Object java.lang.invoke.DirectMethodHandle$Holder.invokeInterface(java.lang.Object, java.lang.Object, int)'> (0x00000007069c58d0) 
thrown [s\open\src\hotspot\share\interpreter\linkResolver.cpp, line 774]
Event: 4.484 Thread 0x000001ab612ff440 Exception <a 'java/lang/NoSuchMethodError'{0x00000007073cfca8}: 'java.lang.Object java.lang.invoke.DirectMethodHandle$Holder.newInvokeSpecial(java.lang.Object, java.lang.Object, java.lang.Object, java.lang.Object, java.lang.Object, java.lang.Object, java.lang.Object, java.lang.Object)'> (0x00000007073cfca8) 
thrown [s\open\src\hotspot\share\interpreter\linkResolver.cpp, line 774]
Event: 4.665 Thread 0x000001ab612ff440 Exception <a 'sun/nio/fs/WindowsException'{0x000000070afda148}> (0x000000070afda148) 
thrown [s\open\src\hotspot\share\prims\jni.cpp, line 517]
Event: 4.711 Thread 0x000001ab612ff440 Exception <a 'java/lang/IncompatibleClassChangeError'{0x0000000707b419f8}: Found class java.lang.Object, but interface was expected> (0x0000000707b419f8) 
thrown [s\open\src\hotspot\share\interpreter\linkResolver.cpp, line 841]
Event: 4.859 Thread 0x000001ab612ff440 Exception <a 'java/lang/NoSuchMethodError'{0x0000000706fea0c0}: 'void java.lang.invoke.DirectMethodHandle$Holder.invokeVirtual(java.lang.Object, java.lang.Object, long)'> (0x0000000706fea0c0) 
thrown [s\open\src\hotspot\share\interpreter\linkResolver.cpp, line 774]
Event: 4.913 Thread 0x000001ab612ff440 Exception <a 'java/lang/NoSuchMethodError'{0x0000000713297a58}: 'int java.lang.invoke.DirectMethodHandle$Holder.invokeStaticInit(java.lang.Object, java.lang.Object, java.lang.Object, java.lang.Object)'> (0x0000000713297a58) 
thrown [s\open\src\hotspot\share\interpreter\linkResolver.cpp, line 774]
Event: 4.950 Thread 0x000001ab612ff440 Exception <a 'java/lang/IncompatibleClassChangeError'{0x000000070ae20828}: Found class java.lang.Object, but interface was expected> (0x000000070ae20828) 
thrown [s\open\src\hotspot\share\interpreter\linkResolver.cpp, line 841]
Event: 5.013 Thread 0x000001ab612ff440 Exception <a 'java/lang/NoSuchMethodError'{0x0000000707bc50d8}: 'java.lang.Object java.lang.invoke.DirectMethodHandle$Holder.newInvokeSpecial(java.lang.Object, java.lang.Object, int, java.lang.Object, java.lang.Object)'> (0x0000000707bc50d8) 
thrown [s\open\src\hotspot\share\interpreter\linkResolver.cpp, line 774]
Event: 5.209 Thread 0x000001ab7fa630b0 Exception <a 'java/lang/NoSuchMethodError'{0x00000007076a70b8}: 'java.lang.Object java.lang.invoke.DirectMethodHandle$Holder.invokeInterface(java.lang.Object, java.lang.Object, java.lang.Object, java.lang.Object, java.lang.Object, java.lang.Object, java.lang.Object)'> (0x00000007076a70b8) 
thrown [s\open\src\hotspot\share\interpreter\linkResolver.cpp, line 774]
Event: 8.510 Thread 0x000001ab7e6da580 Exception <a 'java/lang/NoSuchMethodError'{0x0000000707490690}: 'java.lang.Object java.lang.invoke.DirectMethodHandle$Holder.invokeSpecial(java.lang.Object, java.lang.Object, java.lang.Object, java.lang.Object, java.lang.Object, long)'> (0x0000000707490690) 
thrown [s\open\src\hotspot\share\interpreter\linkResolver.cpp, line 774]
Event: 8.510 Thread 0x000001ab7e6da580 Exception <a 'java/lang/NoSuchMethodError'{0x00000007074940e0}: 'java.lang.Object java.lang.invoke.Invokers$Holder.linkToTargetMethod(java.lang.Object, java.lang.Object, java.lang.Object, long, java.lang.Object)'> (0x00000007074940e0) 
thrown [s\open\src\hotspot\share\interpreter\linkResolver.cpp, line 774]
Event: 8.607 Thread 0x000001ab7e6d85a0 Exception <a 'java/lang/NoSuchMethodError'{0x0000000706f3e2b8}: 'java.lang.Object java.lang.invoke.DirectMethodHandle$Holder.invokeVirtual(java.lang.Object, java.lang.Object, int, int)'> (0x0000000706f3e2b8) 
thrown [s\open\src\hotspot\share\interpreter\linkResolver.cpp, line 774]
Event: 8.607 Thread 0x000001ab7e6d85a0 Exception <a 'java/lang/NoSuchMethodError'{0x0000000706f429f8}: 'java.lang.Object java.lang.invoke.DirectMethodHandle$Holder.invokeSpecial(java.lang.Object, java.lang.Object, java.lang.Object, int, int)'> (0x0000000706f429f8) 
thrown [s\open\src\hotspot\share\interpreter\linkResolver.cpp, line 774]
Event: 8.616 Thread 0x000001ab7e6d85a0 Exception <a 'java/lang/NoSuchMethodError'{0x0000000706fc5b18}: 'java.lang.Object java.lang.invoke.DirectMethodHandle$Holder.invokeInterface(java.lang.Object, java.lang.Object, java.lang.Object, java.lang.Object)'> (0x0000000706fc5b18) 
thrown [s\open\src\hotspot\share\interpreter\linkResolver.cpp, line 774]

VM Operations (20 events):
Event: 4.603 Executing VM operation: G1CollectForAllocation done
Event: 4.615 Executing VM operation: HandshakeAllThreads
Event: 4.615 Executing VM operation: HandshakeAllThreads done
Event: 4.615 Executing VM operation: HandshakeAllThreads
Event: 4.615 Executing VM operation: HandshakeAllThreads done
Event: 4.877 Executing VM operation: HandshakeAllThreads
Event: 4.877 Executing VM operation: HandshakeAllThreads done
Event: 4.900 Executing VM operation: G1CollectForAllocation
Event: 4.904 Executing VM operation: G1CollectForAllocation done
Event: 5.917 Executing VM operation: Cleanup
Event: 5.917 Executing VM operation: Cleanup done
Event: 8.519 Executing VM operation: HandshakeAllThreads
Event: 8.519 Executing VM operation: HandshakeAllThreads done
Event: 8.519 Executing VM operation: Cleanup
Event: 8.519 Executing VM operation: Cleanup done
Event: 8.588 Executing VM operation: HandshakeAllThreads
Event: 8.588 Executing VM operation: HandshakeAllThreads done
Event: 8.603 Executing VM operation: HandshakeAllThreads
Event: 8.603 Executing VM operation: HandshakeAllThreads done
Event: 8.650 Executing VM operation: G1CollectForAllocation

Events (20 events):
Event: 5.017 Thread 0x000001ab7e6d8af0 Thread added: 0x000001ab7e6d8af0
Event: 5.018 Thread 0x000001ab7e6d7b00 Thread added: 0x000001ab7e6d7b00
Event: 5.018 Thread 0x000001ab7e6d75b0 Thread added: 0x000001ab7e6d75b0
Event: 5.018 Thread 0x000001ab7e6d8050 Thread added: 0x000001ab7e6d8050
Event: 5.018 Thread 0x000001ab7e6d9ae0 Thread added: 0x000001ab7e6d9ae0
Event: 5.018 Thread 0x000001ab7e6da030 Thread added: 0x000001ab7e6da030
Event: 5.018 Thread 0x000001ab7fa640a0 Thread added: 0x000001ab7fa640a0
Event: 5.028 Thread 0x000001ab7fa645f0 Thread added: 0x000001ab7fa645f0
Event: 5.029 Thread 0x000001ab7fa655e0 Thread added: 0x000001ab7fa655e0
Event: 5.040 Thread 0x000001ab612ff440 Thread exited: 0x000001ab612ff440
Event: 5.040 Thread 0x000001ab7fa63600 Thread added: 0x000001ab7fa63600
Event: 5.184 Thread 0x000001ab7fa64b40 Thread added: 0x000001ab7fa64b40
Event: 5.190 Thread 0x000001ab7fa64b40 Thread exited: 0x000001ab7fa64b40
Event: 5.204 Thread 0x000001ab7fa630b0 Thread added: 0x000001ab7fa630b0
Event: 5.205 Thread 0x000001ab7fa63b50 Thread added: 0x000001ab7fa63b50
Event: 5.212 Thread 0x000001ab7fa63b50 Thread exited: 0x000001ab7fa63b50
Event: 5.213 Thread 0x000001ab7fa65b30 Thread added: 0x000001ab7fa65b30
Event: 5.223 Thread 0x000001ab7fa65b30 Thread exited: 0x000001ab7fa65b30
Event: 8.061 Thread 0x000001ab7e6d9040 Thread exited: 0x000001ab7e6d9040
Event: 8.510 Thread 0x000001ab7d277e50 Thread exited: 0x000001ab7d277e50


Dynamic libraries:
0x00007ff6f7530000 - 0x00007ff6f7540000 	D:\Java\bin\java.exe
0x00007ffd3cc60000 - 0x00007ffd3cec3000 	C:\WINDOWS\SYSTEM32\ntdll.dll
0x00007ffd3c4a0000 - 0x00007ffd3c567000 	C:\WINDOWS\System32\KERNEL32.DLL
0x00007ffd3a330000 - 0x00007ffd3a6e0000 	C:\WINDOWS\System32\KERNELBASE.dll
0x0000000066630000 - 0x0000000066962000 	C:\Program Files\Norton Security\NortonData\22.23.5.106\Definitions\IPSDefs\20240816.064\IPSEng64.dll
0x00007ffd3cb60000 - 0x00007ffd3cc14000 	C:\WINDOWS\System32\ADVAPI32.dll
0x00007ffd3c250000 - 0x00007ffd3c2f9000 	C:\WINDOWS\System32\msvcrt.dll
0x00007ffd3c6e0000 - 0x00007ffd3c786000 	C:\WINDOWS\System32\sechost.dll
0x00007ffd3aea0000 - 0x00007ffd3afb6000 	C:\WINDOWS\System32\RPCRT4.dll
0x00007ffd3b0b0000 - 0x00007ffd3b0b8000 	C:\WINDOWS\System32\PSAPI.DLL
0x00007ffd3a1e0000 - 0x00007ffd3a32b000 	C:\WINDOWS\System32\ucrtbase.dll
0x00007ffd315b0000 - 0x00007ffd315c8000 	D:\Java\bin\jli.dll
0x00007ffd315d0000 - 0x00007ffd315eb000 	D:\Java\bin\VCRUNTIME140.dll
0x00007ffd3c850000 - 0x00007ffd3ca13000 	C:\WINDOWS\System32\USER32.dll
0x00007ffd3a110000 - 0x00007ffd3a137000 	C:\WINDOWS\System32\win32u.dll
0x00007ffd1a210000 - 0x00007ffd1a4a0000 	C:\WINDOWS\WinSxS\amd64_microsoft.windows.common-controls_6595b64144ccf1df_6.0.26100.1882_none_3e0e949ae32eca40\COMCTL32.dll
0x00007ffd3ae70000 - 0x00007ffd3ae9a000 	C:\WINDOWS\System32\GDI32.dll
0x00007ffd3a930000 - 0x00007ffd3aa53000 	C:\WINDOWS\System32\gdi32full.dll
0x00007ffd3a060000 - 0x00007ffd3a103000 	C:\WINDOWS\System32\msvcp_win.dll
0x00007ffd2f9a0000 - 0x00007ffd2f9ab000 	C:\WINDOWS\SYSTEM32\VERSION.dll
0x00007ffd3c300000 - 0x00007ffd3c32f000 	C:\WINDOWS\System32\IMM32.DLL
0x00007ffd33330000 - 0x00007ffd3333c000 	D:\Java\bin\vcruntime140_1.dll
0x00007ffd30870000 - 0x00007ffd308fe000 	D:\Java\bin\msvcp140.dll
0x00007ffd01de0000 - 0x00007ffd02aa0000 	D:\Java\bin\server\jvm.dll
0x00007ffd1cff0000 - 0x00007ffd1d026000 	C:\WINDOWS\SYSTEM32\WINMM.dll
0x00007ffd32bc0000 - 0x00007ffd32bca000 	C:\WINDOWS\SYSTEM32\WSOCK32.dll
0x00007ffd3c340000 - 0x00007ffd3c3b4000 	C:\WINDOWS\System32\WS2_32.dll
0x00007ffd38fd0000 - 0x00007ffd38fea000 	C:\WINDOWS\SYSTEM32\kernel.appcore.dll
0x00007ffd315a0000 - 0x00007ffd315aa000 	D:\Java\bin\jimage.dll
0x00007ffd379b0000 - 0x00007ffd37bf1000 	C:\WINDOWS\SYSTEM32\DBGHELP.DLL
0x00007ffd3aae0000 - 0x00007ffd3ae5c000 	C:\WINDOWS\System32\combase.dll
0x00007ffd3b7f0000 - 0x00007ffd3b8c6000 	C:\WINDOWS\System32\OLEAUT32.dll
0x00007ffd14490000 - 0x00007ffd144c9000 	C:\WINDOWS\SYSTEM32\dbgcore.DLL
0x00007ffd3a140000 - 0x00007ffd3a1d9000 	C:\WINDOWS\System32\bcryptPrimitives.dll
0x00007ffd306f0000 - 0x00007ffd306fe000 	D:\Java\bin\instrument.dll
0x00007ffd30840000 - 0x00007ffd30866000 	D:\Java\bin\java.dll
0x00007ffd30760000 - 0x00007ffd30837000 	D:\Java\bin\jsvml.dll
0x00007ffd3b8d0000 - 0x00007ffd3bfc8000 	C:\WINDOWS\System32\SHELL32.dll
0x00007ffd37e60000 - 0x00007ffd3868a000 	C:\WINDOWS\SYSTEM32\windows.storage.dll
0x00007ffd3c3c0000 - 0x00007ffd3c493000 	C:\WINDOWS\System32\SHCORE.dll
0x00007ffd3c1f0000 - 0x00007ffd3c24d000 	C:\WINDOWS\System32\shlwapi.dll
0x00007ffd39f80000 - 0x00007ffd39fa9000 	C:\WINDOWS\SYSTEM32\profapi.dll
0x00007ffd30700000 - 0x00007ffd30718000 	D:\Java\bin\zip.dll
0x00007ffd30740000 - 0x00007ffd30753000 	D:\Java\bin\net.dll
0x00007ffd32f80000 - 0x00007ffd330a6000 	C:\WINDOWS\SYSTEM32\WINHTTP.dll
0x00007ffd394d0000 - 0x00007ffd39538000 	C:\WINDOWS\system32\mswsock.dll
0x00007ffd30720000 - 0x00007ffd30736000 	D:\Java\bin\nio.dll
0x00007ffd306b0000 - 0x00007ffd306ca000 	D:\App_tool\IntelliJ IDEA 2024.1.1\bin\breakgen64.dll
0x00007ffd306a0000 - 0x00007ffd306a8000 	D:\Java\bin\extnet.dll
0x00007ffd38a80000 - 0x00007ffd38b9f000 	C:\WINDOWS\SYSTEM32\DNSAPI.dll
0x00007ffd389e0000 - 0x00007ffd38a11000 	C:\WINDOWS\SYSTEM32\IPHLPAPI.DLL
0x00007ffd3c790000 - 0x00007ffd3c79a000 	C:\WINDOWS\System32\NSI.dll
0x00007ffd29cc0000 - 0x00007ffd29ccb000 	C:\Windows\System32\rasadhlp.dll
0x00007ffd30230000 - 0x00007ffd302b6000 	C:\WINDOWS\System32\fwpuclnt.dll
0x00007ffd306e0000 - 0x00007ffd306ea000 	D:\Java\bin\management.dll
0x00007ffd306d0000 - 0x00007ffd306db000 	D:\Java\bin\management_ext.dll
0x00007ffd39780000 - 0x00007ffd3979c000 	C:\WINDOWS\SYSTEM32\CRYPTSP.dll
0x00007ffd38f30000 - 0x00007ffd38f68000 	C:\WINDOWS\system32\rsaenh.dll
0x00007ffd39570000 - 0x00007ffd3959b000 	C:\WINDOWS\SYSTEM32\USERENV.dll
0x00007ffd399b0000 - 0x00007ffd399d6000 	C:\WINDOWS\SYSTEM32\bcrypt.dll
0x00007ffd39770000 - 0x00007ffd3977c000 	C:\WINDOWS\SYSTEM32\CRYPTBASE.dll
0x00007ffd32cd0000 - 0x00007ffd32cee000 	C:\WINDOWS\SYSTEM32\dhcpcsvc6.DLL
0x00007ffd32b90000 - 0x00007ffd32bb5000 	C:\WINDOWS\SYSTEM32\dhcpcsvc.DLL
0x00007ffd0a300000 - 0x00007ffd0a318000 	C:\WINDOWS\system32\napinsp.dll
0x00007ffd0a2e0000 - 0x00007ffd0a2f2000 	C:\WINDOWS\System32\winrnr.dll
0x00007ffd0a2b0000 - 0x00007ffd0a2d2000 	C:\WINDOWS\system32\nlansp_c.dll
0x00007ffd0a290000 - 0x00007ffd0a2a6000 	C:\WINDOWS\system32\wshbth.dll
0x00007ffd30690000 - 0x00007ffd3069e000 	D:\Java\bin\sunmscapi.dll
0x00007ffd3a7b0000 - 0x00007ffd3a926000 	C:\WINDOWS\System32\CRYPT32.dll
0x00007ffd39970000 - 0x00007ffd399a0000 	C:\WINDOWS\SYSTEM32\ncrypt.dll
0x00007ffd39920000 - 0x00007ffd3995f000 	C:\WINDOWS\SYSTEM32\NTASN1.dll
0x00007ffd30680000 - 0x00007ffd30690000 	D:\Java\bin\verify.dll
0x00007ffd30a60000 - 0x00007ffd30a68000 	C:\WINDOWS\system32\wshunix.dll

dbghelp: loaded successfully - version: 4.0.5 - missing functions: none
symbol engine: initialized successfully - sym options: 0x614 - pdb path: .;D:\Java\bin;C:\WINDOWS\SYSTEM32;C:\Program Files\Norton Security\NortonData\22.23.5.106\Definitions\IPSDefs\20240816.064;C:\WINDOWS\WinSxS\amd64_microsoft.windows.common-controls_6595b64144ccf1df_6.0.26100.1882_none_3e0e949ae32eca40;D:\Java\bin\server;D:\App_tool\IntelliJ IDEA 2024.1.1\bin

VM Arguments:
jvm_args: -XX:TieredStopAtLevel=1 -Dspring.output.ansi.enabled=always -Dcom.sun.management.jmxremote -Dspring.jmx.enabled=true -Dspring.liveBeansView.mbeanDomain -Dspring.application.admin.enabled=true -Dmanagement.endpoints.jmx.exposure.include=* -javaagent:D:\App_tool\IntelliJ IDEA 2024.1.1\lib\idea_rt.jar=57131:D:\App_tool\IntelliJ IDEA 2024.1.1\bin -Dfile.encoding=UTF-8 -Dsun.stdout.encoding=UTF-8 -Dsun.stderr.encoding=UTF-8 
java_command: com.example.demo.DatnApplication
java_class_path (initial): D:\Datn_sv3\DATN\BE\target\classes;C:\Users\asus gaming\.m2\repository\org\springframework\boot\spring-boot-starter-data-jpa\3.3.3\spring-boot-starter-data-jpa-3.3.3.jar;C:\Users\asus gaming\.m2\repository\org\springframework\boot\spring-boot-starter-aop\3.3.3\spring-boot-starter-aop-3.3.3.jar;C:\Users\asus gaming\.m2\repository\org\springframework\spring-aop\6.1.12\spring-aop-6.1.12.jar;C:\Users\asus gaming\.m2\repository\org\aspectj\aspectjweaver\1.9.22.1\aspectjweaver-1.9.22.1.jar;C:\Users\asus gaming\.m2\repository\org\springframework\boot\spring-boot-starter-jdbc\3.3.3\spring-boot-starter-jdbc-3.3.3.jar;C:\Users\asus gaming\.m2\repository\com\zaxxer\HikariCP\5.1.0\HikariCP-5.1.0.jar;C:\Users\asus gaming\.m2\repository\org\springframework\spring-jdbc\6.1.12\spring-jdbc-6.1.12.jar;C:\Users\asus gaming\.m2\repository\org\hibernate\orm\hibernate-core\6.5.2.Final\hibernate-core-6.5.2.Final.jar;C:\Users\asus gaming\.m2\repository\jakarta\persistence\jakarta.persistence-api\3.1.0\jakarta.persistence-api-3.1.0.jar;C:\Users\asus gaming\.m2\repository\jakarta\transaction\jakarta.transaction-api\2.0.1\jakarta.transaction-api-2.0.1.jar;C:\Users\asus gaming\.m2\repository\org\jboss\logging\jboss-logging\3.5.3.Final\jboss-logging-3.5.3.Final.jar;C:\Users\asus gaming\.m2\repository\org\hibernate\common\hibernate-commons-annotations\6.0.6.Final\hibernate-commons-annotations-6.0.6.Final.jar;C:\Users\asus gaming\.m2\repository\io\smallrye\jandex\3.1.2\jandex-3.1.2.jar;C:\Users\asus gaming\.m2\repository\com\fasterxml\classmate\1.7.0\classmate-1.7.0.jar;C:\Users\asus gaming\.m2\repository\net\bytebuddy\byte-buddy\1.14.19\byte-buddy-1.14.19.jar;C:\Users\asus gaming\.m2\repository\org\glassfish\jaxb\jaxb-runtime\4.0.5\jaxb-runtime-4.0.5.jar;C:\Users\asus gaming\.m2\repository\org\glassfish\jaxb\jaxb-core\4.0.5\jaxb-core-4.0.5.jar;C:\Users\asus gaming\.m2\repository\org\eclipse\angus\angus-activation\2.0.2\angus-activation-2.0.2.jar;C:\Users\asus gaming\.m2\repository\org\glassfish\jaxb\txw2\4.0.5\txw2-4.0.5.jar;C:\Users\asus gaming\.m2\repository\com\sun\istack\istack-commons-runtime\4.1.2\istack-commons-runtime-4.1.2.jar;C:\Users\asus gaming\.m2\repository\jakarta\inject\jakarta.inject-api\2.0.1\jakarta.inject-api-2.0.1.jar;C:\Users\asus gaming\.m2\repository\org\antlr\antlr4-runtime\4.13.0\antlr4-runtime-4.13.0.jar;C:\Users\asus gaming\.m2\repository\org\springframework\data\spring-data-jpa\3.3.3\spring-data-jpa-3.3.3.jar;C:\Users\asus gaming\.m2\repository\org\springframework\data\spring-data-commons\3.3.3\spring-data-commons-3.3.3.jar;C:\Users\asus gaming\.m2\repository\org\springframework\spring-orm\6.1.12\spring-orm-6.1.12.jar;C:\Users\asus gaming\.m2\repository\org\springframework\spring-context\6.1.12\spring-context-6.1.12.jar;C:\Users\asus gaming\.m2\repository\org\springframework\spring-tx\6.1.12\spring-tx-6.1.12.jar;C:\Users\asus gaming\.m2\repository\org\springframework\spring-beans\6.1.12\spring-beans-6.1.12.jar;C:\Users\asus gaming\.m2\repository\jakarta\annotation\jakarta.annotation-api\2.1.1\jakarta.annotation-api-2.1.1.jar;C:\Users\asus gaming\.m2\repository\org\slf4j\slf4j-api\2.0.16\slf4j-api-2.0.16.jar;C:\Users\asus gaming\.m2\repository\org\springframework\spring-aspects\6.1.12\spring-aspects-6.1.12.jar;C:\Users\asus gaming\.m2\repository\org\springframework\boot\spring-boot-starter-web\3.3.3\spring-boot-starter-web-3.3.3.jar;C:\Users\asus gaming\.m2\repository\org\springframework\boot\spring-boot-starter\3.3.3\spring-boot-starter-3.3.3.jar;C:\Users\asus gaming\.m2\repository\org\springframework\boot\spring-boot\3.3.3\spring-boot-3.3.3.jar;C:\Users\asus gaming\.m2\repository\org\springframework\boot\spring-boot-autoconfigure\3.3.3\spring-boot-autoconfigure-3.3.3.jar;C:\Users\asus gaming\.m2\repository\org\springframework\boot\spring-boot-starter-logging\3.3.3\spring-boot-starter-logging-3.3.3.jar;C:\Users\asus gaming\.m2\repository\ch\qos\logback\logback-classic\1.5.7\logback-classic-1.5.7.jar;C:\Users\asus gaming\.m2\repository\ch\qos\logback\logback-core\1.5.7\logback-core-1.5.7.jar;C:\Users\asus gaming\.m2\repository\org\apache\logging\log4j\log4j-to-slf4j\2.23.1\log4j-to-slf4j-2.23.1.jar;C:\Users\asus gaming\.m2\repository\org\apache\logging\log4j\log4j-api\2.23.1\log4j-api-2.23.1.jar;C:\Users\asus gaming\.m2\repository\org\slf4j\jul-to-slf4j\2.0.16\jul-to-slf4j-2.0.16.jar;C:\Users\asus gaming\.m2\repository\org\yaml\snakeyaml\2.2\snakeyaml-2.2.jar;C:\Users\asus gaming\.m2\repository\org\springframework\boot\spring-boot-starter-json\3.3.3\spring-boot-starter-json-3.3.3.jar;C:\Users\asus gaming\.m2\repository\com\fasterxml\jackson\core\jackson-databind\2.17.2\jackson-databind-2.17.2.jar;C:\Users\asus gaming\.m2\repository\com\fasterxml\jackson\core\jackson-annotations\2.17.2\jackson-annotations-2.17.2.jar;C:\Users\asus gaming\.m2\repository\com\fasterxml\jackson\core\jackson-core\2.17.2\jackson-core-2.17.2.jar;C:\Users\asus gaming\.m2\repository\com\fasterxml\jackson\datatype\jackson-datatype-jdk8\2.17.2\jackson-datatype-jdk8-2.17.2.jar;C:\Users\asus gaming\.m2\repository\com\fasterxml\jackson\datatype\jackson-datatype-jsr310\2.17.2\jackson-datatype-jsr310-2.17.2.jar;C:\Users\asus gaming\.m2\repository\com\fasterxml\jackson\module\jackson-module-parameter-names\2.17.2\jackson-module-parameter-names-2.17.2.jar;C:\Users\asus gaming\.m2\repository\org\springframework\boot\spring-boot-starter-tomcat\3.3.3\spring-boot-starter-tomcat-3.3.3.jar;C:\Users\asus gaming\.m2\repository\org\apache\tomcat\embed\tomcat-embed-core\10.1.28\tomcat-embed-core-10.1.28.jar;C:\Users\asus gaming\.m2\repository\org\apache\tomcat\embed\tomcat-embed-el\10.1.28\tomcat-embed-el-10.1.28.jar;C:\Users\asus gaming\.m2\repository\org\apache\tomcat\embed\tomcat-embed-websocket\10.1.28\tomcat-embed-websocket-10.1.28.jar;C:\Users\asus gaming\.m2\repository\org\springframework\spring-web\6.1.12\spring-web-6.1.12.jar;C:\Users\asus gaming\.m2\repository\io\micrometer\micrometer-observation\1.13.3\micrometer-observation-1.13.3.jar;C:\Users\asus gaming\.m2\repository\io\micrometer\micrometer-commons\1.13.3\micrometer-commons-1.13.3.jar;C:\Users\asus gaming\.m2\repository\org\springframework\spring-webmvc\6.1.12\spring-webmvc-6.1.12.jar;C:\Users\asus gaming\.m2\repository\org\springframework\spring-expression\6.1.12\spring-expression-6.1.12.jar;C:\Users\asus gaming\.m2\repository\org\projectlombok\lombok\1.18.34\lombok-1.18.34.jar;C:\Users\asus gaming\.m2\repository\jakarta\xml\bind\jakarta.xml.bind-api\4.0.2\jakarta.xml.bind-api-4.0.2.jar;C:\Users\asus gaming\.m2\repository\jakarta\activation\jakarta.activation-api\2.1.3\jakarta.activation-api-2.1.3.jar;C:\Users\asus gaming\.m2\repository\org\springframework\spring-core\6.1.12\spring-core-6.1.12.jar;C:\Users\asus gaming\.m2\repository\org\springframework\spring-jcl\6.1.12\spring-jcl-6.1.12.jar;C:\Users\asus gaming\.m2\repository\com\mysql\mysql-connector-j\8.3.0\mysql-connector-j-8.3.0.jar;C:\Users\asus gaming\.m2\repository\org\springframework\security\spring-security-core\6.3.3\spring-security-core-6.3.3.jar;C:\Users\asus gaming\.m2\repository\org\springframework\security\spring-security-crypto\6.3.3\spring-security-crypto-6.3.3.jar;C:\Users\asus gaming\.m2\repository\org\springframework\security\spring-security-web\6.3.3\spring-security-web-6.3.3.jar;C:\Users\asus gaming\.m2\repository\org\springframework\boot\spring-boot-starter-oauth2-resource-server\3.3.3\spring-boot-starter-oauth2-resource-server-3.3.3.jar;C:\Users\asus gaming\.m2\repository\org\springframework\security\spring-security-config\6.3.3\spring-security-config-6.3.3.jar;C:\Users\asus gaming\.m2\repository\org\springframework\security\spring-security-oauth2-resource-server\6.3.3\spring-security-oauth2-resource-server-6.3.3.jar;C:\Users\asus gaming\.m2\repository\org\springframework\security\spring-security-oauth2-core\6.3.3\spring-security-oauth2-core-6.3.3.jar;C:\Users\asus gaming\.m2\repository\org\springframework\security\spring-security-oauth2-jose\6.3.3\spring-security-oauth2-jose-6.3.3.jar;C:\Users\asus gaming\.m2\repository\com\nimbusds\nimbus-jose-jwt\9.37.3\nimbus-jose-jwt-9.37.3.jar;C:\Users\asus gaming\.m2\repository\com\github\stephenc\jcip\jcip-annotations\1.0-1\jcip-annotations-1.0-1.jar
Launcher Type: SUN_STANDARD

[Global flags]
     intx CICompilerCount                          = 4                                         {product} {ergonomic}
     uint ConcGCThreads                            = 3                                         {product} {ergonomic}
     uint G1ConcRefinementThreads                  = 10                                        {product} {ergonomic}
   size_t G1HeapRegionSize                         = 2097152                                   {product} {ergonomic}
    uintx GCDrainStackTargetSize                   = 64                                        {product} {ergonomic}
   size_t InitialHeapSize                          = 266338304                                 {product} {ergonomic}
     bool ManagementServer                         = true                                      {product} {command line}
   size_t MarkStackSize                            = 4194304                                   {product} {ergonomic}
   size_t MaxHeapSize                              = 4238344192                                {product} {ergonomic}
   size_t MaxNewSize                               = 2541748224                                {product} {ergonomic}
   size_t MinHeapDeltaBytes                        = 2097152                                   {product} {ergonomic}
   size_t MinHeapSize                              = 8388608                                   {product} {ergonomic}
    uintx NonProfiledCodeHeapSize                  = 0                                      {pd product} {ergonomic}
     bool ProfileInterpreter                       = false                                  {pd product} {command line}
    uintx ProfiledCodeHeapSize                     = 0                                      {pd product} {ergonomic}
   size_t SoftMaxHeapSize                          = 4238344192                             {manageable} {ergonomic}
     intx TieredStopAtLevel                        = 1                                         {product} {command line}
     bool UseCompressedClassPointers               = true                           {product lp64_product} {ergonomic}
     bool UseCompressedOops                        = true                           {product lp64_product} {ergonomic}
     bool UseG1GC                                  = true                                      {product} {ergonomic}
     bool UseLargePagesIndividualAllocation        = false                                  {pd product} {ergonomic}

Logging:
Log output configuration:
 #0: stdout all=warning uptime,level,tags foldmultilines=false
 #1: stderr all=off uptime,level,tags foldmultilines=false

Environment Variables:
PATH=D:\App_tool\Scripts\;D:\App_tool\;C:\Program Files\Microsoft MPI\Bin\;C:\Program Files\Common Files\Oracle\Java\javapath;C:\Windows\system32;C:\Windows;C:\Windows\System32\Wbem;C:\Windows\System32\WindowsPowerShell\v1.0\;C:\Windows\System32\OpenSSH\;C:\Program Files (x86)\NVIDIA Corporation\PhysX\Common;C:\Program Files\NVIDIA Corporation\NVIDIA NvDLISR;C:\WINDOWS\system32;C:\WINDOWS;C:\WINDOWS\System32\Wbem;C:\WINDOWS\System32\WindowsPowerShell\v1.0\;C:\WINDOWS\System32\OpenSSH\;C:\Program Files\Docker\Docker\resources\bin;D:\App_tool\Git\cmd;D:\App_tool\160\Tools\Binn\;D:\Microsoft SQL Server\160\Tools\Binn\;D:\Microsoft SQL Server\Client SDK\ODBC\170\Tools\Binn\;D:\Microsoft SQL Server\160\DTS\Binn\;D:\App_tool\160\DTS\Binn\;C:\Program Files\Azure Data Studio\bin;C:\Program Files\;C:\ProgramData\chocolatey\bin;C:\Users\asus gaming\AppData\Local\Microsoft\WindowsApps;C:\Users\asus gaming\AppData\Local\Programs\Microsoft VS Code\bin;C:\Program Files\Azure Data Studio\bin;C:\Users\asus gaming\AppData\Roaming\npm;;D:\App_tool\IntelliJ IDEA 2023.3.8\bin;
USERNAME=Manhdepzai
OS=Windows_NT
PROCESSOR_IDENTIFIER=Intel64 Family 6 Model 141 Stepping 1, GenuineIntel
TMP=C:\Users\ASUSGA~1\AppData\Local\Temp
TEMP=C:\Users\ASUSGA~1\AppData\Local\Temp



---------------  S Y S T E M  ---------------

OS:
 Windows 11 , 64 bit Build 26100 (10.0.26100.1882)
OS uptime: 0 days 0:33 hours

CPU: total 12 (initial active 12) (6 cores per cpu, 2 threads per core) family 6 model 141 stepping 1 microcode 0x3c, cx8, cmov, fxsr, ht, mmx, 3dnowpref, sse, sse2, sse3, ssse3, sse4.1, sse4.2, popcnt, lzcnt, tsc, tscinvbit, avx, avx2, aes, erms, clmul, bmi1, bmi2, adx, avx512f, avx512dq, avx512cd, avx512bw, avx512vl, sha, fma, vzeroupper, avx512_vpopcntdq, avx512_vpclmulqdq, avx512_vaes, avx512_vnni, clflush, clflushopt, clwb, avx512_vbmi2, avx512_vbmi, rdtscp, rdpid, fsrm, gfni, avx512_bitalg

Memory: 4k page, system-wide physical 16163M (2917M free)
TotalPageFile size 34260M (AvailPageFile size 84M)
current process WorkingSet (physical memory assigned to process): 249M, peak: 249M
current process commit charge ("private bytes"): 289M, peak: 385M

vm_info: Java HotSpot(TM) 64-Bit Server VM (19.0.2+7-44) for windows-amd64 JRE (19.0.2+7-44), built on 2022-11-30T18:02:09Z by "mach5one" with MS VC++ 17.1 (VS2022)

END.
